
2024-09-30 15:21:36: [32mConectado ao banco de dados![39m
2024-09-30 15:21:36: [32mAplicação rodando na porta 3000[39m
2024-09-30 16:23:18: [32mConectado ao banco de dados![39m
2024-09-30 16:23:18: [32mAplicação rodando na porta 3000[39m
2024-09-30 16:23:21: [32mConectado ao banco de dados![39m
2024-09-30 16:23:21: [32mAplicação rodando na porta 3000[39m
2024-09-30 16:23:26: [32mConectado ao banco de dados![39m
2024-09-30 16:23:26: [32mAplicação rodando na porta 3000[39m
2024-09-30 16:23:34: [32mConectado ao banco de dados![39m
2024-09-30 16:23:34: [32mAplicação rodando na porta 3000[39m
2024-09-30 16:23:58: [32mConectado ao banco de dados![39m
2024-09-30 16:23:58: [32mAplicação rodando na porta 3000[39m
2024-09-30 16:24:32: [32mConectado ao banco de dados![39m
2024-09-30 16:24:32: [32mAplicação rodando na porta 3000[39m
2024-09-30 16:24:39: [32mConectado ao banco de dados![39m
2024-09-30 16:24:39: [32mAplicação rodando na porta 3000[39m
2024-09-30 16:24:46: [32mConectado ao banco de dados![39m
2024-09-30 16:24:46: [32mAplicação rodando na porta 3000[39m
2024-09-30 16:25:25: [32mConectado ao banco de dados![39m
2024-09-30 16:25:25: [32mAplicação rodando na porta 3000[39m
2024-09-30 16:25:41: [32mConectado ao banco de dados![39m
2024-09-30 16:25:41: [32mAplicação rodando na porta 3000[39m
2024-09-30 16:25:43: [32mConectado ao banco de dados![39m
2024-09-30 16:25:43: [32mAplicação rodando na porta 3000[39m
2024-09-30 16:25:48: [32mConectado ao banco de dados![39m
2024-09-30 16:25:48: [32mAplicação rodando na porta 3000[39m
2024-09-30 16:25:50: [32mConectado ao banco de dados![39m
2024-09-30 16:25:50: [32mAplicação rodando na porta 3000[39m
2024-09-30 16:26:05: [32mConectado ao banco de dados![39m
2024-09-30 16:26:05: [32mAplicação rodando na porta 3000[39m
2024-09-30 16:26:34: [32mConectado ao banco de dados![39m
2024-09-30 16:26:34: [32mAplicação rodando na porta 3000[39m
2024-09-30 16:27:50: [32mConectado ao banco de dados![39m
2024-09-30 16:27:50: [32mAplicação rodando na porta 3000[39m
2024-09-30 16:28:41: [32mConectado ao banco de dados![39m
2024-09-30 16:28:41: [32mAplicação rodando na porta 3000[39m
2024-09-30 16:28:48: [32mConectado ao banco de dados![39m
2024-09-30 16:28:48: [32mAplicação rodando na porta 3000[39m
2024-09-30 16:28:49: [32mConectado ao banco de dados![39m
2024-09-30 16:28:49: [32mAplicação rodando na porta 3000[39m
2024-09-30 16:28:56: [32mConectado ao banco de dados![39m
2024-09-30 16:28:56: [32mAplicação rodando na porta 3000[39m
2024-09-30 16:29:20: [32mConectado ao banco de dados![39m
2024-09-30 16:29:21: [32mAplicação rodando na porta 3000[39m
2024-09-30 16:29:39: [32mConectado ao banco de dados![39m
2024-09-30 16:29:39: [32mAplicação rodando na porta 3000[39m
2024-09-30 16:31:14: [32mConectado ao banco de dados![39m
2024-09-30 16:31:14: [32mAplicação rodando na porta 3000[39m
2024-09-30 16:31:16: [35mGET /api/test 200 12 - 1.741 ms[39m
[35m[39m
2024-09-30 16:44:40: [32mConectado ao banco de dados![39m
2024-09-30 16:44:40: [32mAplicação rodando na porta 3000[39m
2024-09-30 16:44:43: [32mConectado ao banco de dados![39m
2024-09-30 16:44:43: [32mAplicação rodando na porta 3000[39m
2024-09-30 16:44:45: [32mConectado ao banco de dados![39m
2024-09-30 16:44:45: [32mAplicação rodando na porta 3000[39m
2024-09-30 16:44:57: [32mConectado ao banco de dados![39m
2024-09-30 16:44:57: [32mAplicação rodando na porta 3000[39m
2024-09-30 16:45:10: [32mConectado ao banco de dados![39m
2024-09-30 16:45:10: [32mAplicação rodando na porta 3000[39m
2024-09-30 16:45:13: [32mConectado ao banco de dados![39m
2024-09-30 16:45:13: [32mAplicação rodando na porta 3000[39m
2024-09-30 16:45:34: [32mConectado ao banco de dados![39m
2024-09-30 16:45:34: [32mAplicação rodando na porta 3000[39m
2024-09-30 16:45:47: [32mConectado ao banco de dados![39m
2024-09-30 16:45:47: [32mAplicação rodando na porta 3000[39m
2024-09-30 16:46:38: [32mConectado ao banco de dados![39m
2024-09-30 16:46:38: [32mAplicação rodando na porta 3000[39m
2024-09-30 16:46:43: [32mConectado ao banco de dados![39m
2024-09-30 16:46:43: [32mAplicação rodando na porta 3000[39m
2024-09-30 16:47:40: [32mConectado ao banco de dados![39m
2024-09-30 16:47:40: [32mAplicação rodando na porta 3000[39m
2024-09-30 16:47:42: [32mConectado ao banco de dados![39m
2024-09-30 16:47:42: [32mAplicação rodando na porta 3000[39m
2024-09-30 16:47:53: [32mConectado ao banco de dados![39m
2024-09-30 16:47:53: [32mAplicação rodando na porta 3000[39m
2024-09-30 16:47:56: [32mConectado ao banco de dados![39m
2024-09-30 16:47:56: [32mAplicação rodando na porta 3000[39m
2024-09-30 16:50:54: [32mConectado ao banco de dados![39m
2024-09-30 16:50:54: [32mAplicação rodando na porta 3000[39m
2024-09-30 16:51:02: [32mConectado ao banco de dados![39m
2024-09-30 16:51:02: [32mAplicação rodando na porta 3000[39m
2024-09-30 16:51:07: [32mConectado ao banco de dados![39m
2024-09-30 16:51:07: [32mAplicação rodando na porta 3000[39m
2024-09-30 16:51:10: [32mConectado ao banco de dados![39m
2024-09-30 16:51:10: [32mAplicação rodando na porta 3000[39m
2024-09-30 16:51:12: [32mConectado ao banco de dados![39m
2024-09-30 16:51:12: [32mAplicação rodando na porta 3000[39m
2024-09-30 16:51:42: [32mConectado ao banco de dados![39m
2024-09-30 16:51:42: [32mAplicação rodando na porta 3000[39m
2024-09-30 16:52:06: [32mConectado ao banco de dados![39m
2024-09-30 16:52:06: [32mAplicação rodando na porta 3000[39m
2024-09-30 16:52:33: [32mConectado ao banco de dados![39m
2024-09-30 16:52:33: [32mAplicação rodando na porta 3000[39m
2024-09-30 16:53:15: [32mConectado ao banco de dados![39m
2024-09-30 16:53:15: [32mAplicação rodando na porta 3000[39m
2024-09-30 16:53:19: [32mConectado ao banco de dados![39m
2024-09-30 16:53:19: [32mAplicação rodando na porta 3000[39m
2024-09-30 16:53:29: [32mConectado ao banco de dados![39m
2024-09-30 16:53:29: [32mAplicação rodando na porta 3000[39m
2024-09-30 16:53:33: [32mConectado ao banco de dados![39m
2024-09-30 16:53:33: [32mAplicação rodando na porta 3000[39m
2024-09-30 16:53:37: [32mConectado ao banco de dados![39m
2024-09-30 16:53:37: [32mAplicação rodando na porta 3000[39m
2024-09-30 16:54:18: [32mConectado ao banco de dados![39m
2024-09-30 16:54:18: [32mAplicação rodando na porta 3000[39m
2024-09-30 16:54:20: [32mConectado ao banco de dados![39m
2024-09-30 16:54:20: [32mAplicação rodando na porta 3000[39m
2024-09-30 16:54:22: [32mConectado ao banco de dados![39m
2024-09-30 16:54:22: [32mAplicação rodando na porta 3000[39m
2024-09-30 16:54:27: [32mConectado ao banco de dados![39m
2024-09-30 16:54:27: [32mAplicação rodando na porta 3000[39m
2024-09-30 16:54:30: [32mConectado ao banco de dados![39m
2024-09-30 16:54:30: [32mAplicação rodando na porta 3000[39m
2024-09-30 16:54:32: [32mConectado ao banco de dados![39m
2024-09-30 16:54:32: [32mAplicação rodando na porta 3000[39m
2024-09-30 16:54:37: [32mConectado ao banco de dados![39m
2024-09-30 16:54:37: [32mAplicação rodando na porta 3000[39m
2024-09-30 16:55:38: [35mPOST /api/movie 200 22 - 6.307 ms[39m
[35m[39m
2024-09-30 16:57:08: [32mConectado ao banco de dados![39m
2024-09-30 16:57:08: [32mAplicação rodando na porta 3000[39m
2024-09-30 16:57:16: [32mConectado ao banco de dados![39m
2024-09-30 16:57:16: [32mAplicação rodando na porta 3000[39m
2024-09-30 16:57:26: [32mConectado ao banco de dados![39m
2024-09-30 16:57:26: [32mAplicação rodando na porta 3000[39m
2024-09-30 16:57:31: [32mConectado ao banco de dados![39m
2024-09-30 16:57:31: [32mAplicação rodando na porta 3000[39m
2024-09-30 16:57:35: [32mConectado ao banco de dados![39m
2024-09-30 16:57:35: [32mAplicação rodando na porta 3000[39m
2024-09-30 16:57:37: [32mConectado ao banco de dados![39m
2024-09-30 16:57:37: [32mAplicação rodando na porta 3000[39m
2024-09-30 16:57:44: [32mConectado ao banco de dados![39m
2024-09-30 16:57:44: [32mAplicação rodando na porta 3000[39m
2024-09-30 16:57:53: [32mConectado ao banco de dados![39m
2024-09-30 16:57:53: [32mAplicação rodando na porta 3000[39m
2024-09-30 16:57:54: [32mConectado ao banco de dados![39m
2024-09-30 16:57:54: [32mAplicação rodando na porta 3000[39m
2024-09-30 16:58:52: [31mErro no sistema res.status(...).josn is not a function[39m
2024-09-30 16:59:30: [32mConectado ao banco de dados![39m
2024-09-30 16:59:30: [32mAplicação rodando na porta 3000[39m
2024-09-30 16:59:31: [35mPOST /api/movie 201 153 - 41.880 ms[39m
[35m[39m
2024-09-30 17:00:25: [35mPOST /api/movie 201 156 - 32.459 ms[39m
[35m[39m
2024-09-30 17:09:59: [32mConectado ao banco de dados![39m
2024-09-30 17:09:59: [32mAplicação rodando na porta 3000[39m
2024-09-30 17:10:05: [32mConectado ao banco de dados![39m
2024-09-30 17:10:05: [32mAplicação rodando na porta 3000[39m
2024-09-30 17:10:16: [32mConectado ao banco de dados![39m
2024-09-30 17:10:16: [32mAplicação rodando na porta 3000[39m
2024-09-30 17:10:36: [35mPOST /api/movie 201 151 - 72.421 ms[39m
[35m[39m
2024-09-30 17:22:16: [32mConectado ao banco de dados![39m
2024-09-30 17:22:16: [32mAplicação rodando na porta 3000[39m
2024-09-30 17:22:24: [35mPOST /api/movie 422 54 - 14.472 ms[39m
[35m[39m
2024-09-30 17:22:57: [32mConectado ao banco de dados![39m
2024-09-30 17:22:57: [32mAplicação rodando na porta 3000[39m
2024-09-30 17:23:20: [32mConectado ao banco de dados![39m
2024-09-30 17:23:20: [32mAplicação rodando na porta 3000[39m
2024-09-30 17:23:22: [32mConectado ao banco de dados![39m
2024-09-30 17:23:22: [32mAplicação rodando na porta 3000[39m
2024-09-30 17:23:25: [35mPOST /api/movie 422 54 - 9.977 ms[39m
[35m[39m
2024-09-30 17:28:40: [32mConectado ao banco de dados![39m
2024-09-30 17:28:40: [32mAplicação rodando na porta 3000[39m
2024-09-30 17:28:48: [32mConectado ao banco de dados![39m
2024-09-30 17:28:48: [32mAplicação rodando na porta 3000[39m
2024-09-30 17:28:58: [32mConectado ao banco de dados![39m
2024-09-30 17:28:58: [32mAplicação rodando na porta 3000[39m
2024-09-30 17:29:08: [32mConectado ao banco de dados![39m
2024-09-30 17:29:08: [32mAplicação rodando na porta 3000[39m
2024-09-30 17:29:55: [32mConectado ao banco de dados![39m
2024-09-30 17:29:55: [32mAplicação rodando na porta 3000[39m
2024-09-30 17:29:58: [32mConectado ao banco de dados![39m
2024-09-30 17:29:58: [32mAplicação rodando na porta 3000[39m
2024-09-30 17:30:10: [35mPOST /api/movie 422 72 - 13.166 ms[39m
[35m[39m
2024-09-30 17:32:15: [32mConectado ao banco de dados![39m
2024-09-30 17:32:15: [32mAplicação rodando na porta 3000[39m
2024-09-30 17:32:19: [32mConectado ao banco de dados![39m
2024-09-30 17:32:19: [32mAplicação rodando na porta 3000[39m
2024-09-30 17:32:20: [35mPOST /api/movie 422 72 - 13.392 ms[39m
[35m[39m
2024-09-30 17:33:31: [32mConectado ao banco de dados![39m
2024-09-30 17:33:31: [32mAplicação rodando na porta 3000[39m
2024-09-30 17:33:35: [32mConectado ao banco de dados![39m
2024-09-30 17:33:35: [32mAplicação rodando na porta 3000[39m
2024-09-30 17:33:39: [32mConectado ao banco de dados![39m
2024-09-30 17:33:39: [32mAplicação rodando na porta 3000[39m
2024-09-30 17:33:41: [32mConectado ao banco de dados![39m
2024-09-30 17:33:41: [32mAplicação rodando na porta 3000[39m
2024-09-30 17:33:55: [32mConectado ao banco de dados![39m
2024-09-30 17:33:55: [32mAplicação rodando na porta 3000[39m
2024-09-30 17:33:56: [32mConectado ao banco de dados![39m
2024-09-30 17:33:56: [32mAplicação rodando na porta 3000[39m
2024-09-30 17:34:00: [32mConectado ao banco de dados![39m
2024-09-30 17:34:00: [32mAplicação rodando na porta 3000[39m
2024-09-30 17:34:09: [32mConectado ao banco de dados![39m
2024-09-30 17:34:09: [32mAplicação rodando na porta 3000[39m
2024-09-30 17:34:11: [32mConectado ao banco de dados![39m
2024-09-30 17:34:11: [32mAplicação rodando na porta 3000[39m
2024-09-30 17:34:19: [32mConectado ao banco de dados![39m
2024-09-30 17:34:19: [32mAplicação rodando na porta 3000[39m
2024-09-30 17:34:21: [32mConectado ao banco de dados![39m
2024-09-30 17:34:21: [32mAplicação rodando na porta 3000[39m
2024-09-30 17:34:32: [32mConectado ao banco de dados![39m
2024-09-30 17:34:32: [32mAplicação rodando na porta 3000[39m
2024-09-30 17:34:37: [32mConectado ao banco de dados![39m
2024-09-30 17:34:37: [32mAplicação rodando na porta 3000[39m
2024-09-30 17:34:42: [32mConectado ao banco de dados![39m
2024-09-30 17:34:42: [32mAplicação rodando na porta 3000[39m
2024-09-30 17:35:49: [32mConectado ao banco de dados![39m
2024-09-30 17:35:49: [32mAplicação rodando na porta 3000[39m
2024-09-30 17:35:51: [32mConectado ao banco de dados![39m
2024-09-30 17:35:51: [32mAplicação rodando na porta 3000[39m
2024-09-30 17:35:56: [32mConectado ao banco de dados![39m
2024-09-30 17:35:56: [32mAplicação rodando na porta 3000[39m
2024-09-30 17:35:58: [32mConectado ao banco de dados![39m
2024-09-30 17:35:58: [32mAplicação rodando na porta 3000[39m
2024-09-30 17:36:03: [32mConectado ao banco de dados![39m
2024-09-30 17:36:03: [32mAplicação rodando na porta 3000[39m
2024-09-30 17:36:13: [32mConectado ao banco de dados![39m
2024-09-30 17:36:13: [32mAplicação rodando na porta 3000[39m
2024-09-30 17:36:19: [32mConectado ao banco de dados![39m
2024-09-30 17:36:19: [32mAplicação rodando na porta 3000[39m
2024-09-30 17:36:28: [35mPOST /api/movie 422 68 - 4.409 ms[39m
[35m[39m
2024-09-30 17:37:45: [32mConectado ao banco de dados![39m
2024-09-30 17:37:45: [32mAplicação rodando na porta 3000[39m
2024-09-30 17:37:52: [32mConectado ao banco de dados![39m
2024-09-30 17:37:52: [32mAplicação rodando na porta 3000[39m
2024-09-30 17:37:54: [32mConectado ao banco de dados![39m
2024-09-30 17:37:54: [32mAplicação rodando na porta 3000[39m
2024-09-30 17:38:00: [32mConectado ao banco de dados![39m
2024-09-30 17:38:00: [32mAplicação rodando na porta 3000[39m
2024-09-30 17:38:05: [32mConectado ao banco de dados![39m
2024-09-30 17:38:05: [32mAplicação rodando na porta 3000[39m
2024-09-30 17:38:10: [32mConectado ao banco de dados![39m
2024-09-30 17:38:10: [32mAplicação rodando na porta 3000[39m
2024-09-30 17:38:18: [32mConectado ao banco de dados![39m
2024-09-30 17:38:18: [32mAplicação rodando na porta 3000[39m
2024-09-30 17:38:20: [32mConectado ao banco de dados![39m
2024-09-30 17:38:20: [32mAplicação rodando na porta 3000[39m
2024-09-30 17:38:32: [32mConectado ao banco de dados![39m
2024-09-30 17:38:32: [32mAplicação rodando na porta 3000[39m
2024-09-30 17:38:46: [32mConectado ao banco de dados![39m
2024-09-30 17:38:46: [32mAplicação rodando na porta 3000[39m
2024-09-30 17:39:02: [32mConectado ao banco de dados![39m
2024-09-30 17:39:02: [32mAplicação rodando na porta 3000[39m
2024-09-30 17:39:09: [32mConectado ao banco de dados![39m
2024-09-30 17:39:09: [32mAplicação rodando na porta 3000[39m
2024-09-30 17:39:11: [32mConectado ao banco de dados![39m
2024-09-30 17:39:11: [32mAplicação rodando na porta 3000[39m
2024-09-30 17:39:26: [35mPOST /api/movie 422 114 - 25.024 ms[39m
[35m[39m
2024-09-30 17:39:36: [35mPOST /api/movie 422 95 - 2.546 ms[39m
[35m[39m
2024-09-30 17:39:49: [35mPOST /api/movie 422 38 - 2.157 ms[39m
[35m[39m
2024-09-30 17:40:09: [32mConectado ao banco de dados![39m
2024-09-30 17:40:09: [32mAplicação rodando na porta 3000[39m
2024-09-30 17:40:11: [32mConectado ao banco de dados![39m
2024-09-30 17:40:11: [32mAplicação rodando na porta 3000[39m
2024-09-30 17:40:13: [35mPOST /api/movie 201 173 - 37.800 ms[39m
[35m[39m
2024-09-30 17:40:21: [32mConectado ao banco de dados![39m
2024-09-30 17:40:21: [32mAplicação rodando na porta 3000[39m
2024-09-30 17:40:28: [32mConectado ao banco de dados![39m
2024-09-30 17:40:28: [32mAplicação rodando na porta 3000[39m
2024-09-30 17:40:33: [32mConectado ao banco de dados![39m
2024-09-30 17:40:33: [32mAplicação rodando na porta 3000[39m
2024-09-30 17:40:39: [32mConectado ao banco de dados![39m
2024-09-30 17:40:39: [32mAplicação rodando na porta 3000[39m
2024-09-30 17:40:43: [32mConectado ao banco de dados![39m
2024-09-30 17:40:43: [32mAplicação rodando na porta 3000[39m
2024-09-30 17:40:45: [32mConectado ao banco de dados![39m
2024-09-30 17:40:45: [32mAplicação rodando na porta 3000[39m
2024-09-30 17:41:03: [35mPOST /api/movie 201 236 - 87.264 ms[39m
[35m[39m
2024-09-30 17:41:39: [32mConectado ao banco de dados![39m
2024-09-30 17:41:39: [32mAplicação rodando na porta 3000[39m
2024-09-30 17:41:51: [32mConectado ao banco de dados![39m
2024-09-30 17:41:51: [32mAplicação rodando na porta 3000[39m
2024-09-30 17:41:58: [32mConectado ao banco de dados![39m
2024-09-30 17:41:58: [32mAplicação rodando na porta 3000[39m
2024-09-30 17:42:01: [32mConectado ao banco de dados![39m
2024-09-30 17:42:01: [32mAplicação rodando na porta 3000[39m
2024-09-30 17:42:12: [32mConectado ao banco de dados![39m
2024-09-30 17:42:12: [32mAplicação rodando na porta 3000[39m
2024-09-30 17:42:15: [32mConectado ao banco de dados![39m
2024-09-30 17:42:15: [32mAplicação rodando na porta 3000[39m
2024-09-30 17:42:43: [32mConectado ao banco de dados![39m
2024-09-30 17:42:43: [32mAplicação rodando na porta 3000[39m
2024-09-30 17:43:09: [32mConectado ao banco de dados![39m
2024-09-30 17:43:09: [32mAplicação rodando na porta 3000[39m
2024-09-30 17:45:19: [32mConectado ao banco de dados![39m
2024-09-30 17:45:19: [32mAplicação rodando na porta 3000[39m
2024-09-30 17:45:22: [32mConectado ao banco de dados![39m
2024-09-30 17:45:22: [32mAplicação rodando na porta 3000[39m
2024-09-30 17:45:27: [32mConectado ao banco de dados![39m
2024-09-30 17:45:27: [32mAplicação rodando na porta 3000[39m
2024-09-30 17:45:46: [32mConectado ao banco de dados![39m
2024-09-30 17:45:46: [32mAplicação rodando na porta 3000[39m
2024-09-30 17:46:01: [32mConectado ao banco de dados![39m
2024-09-30 17:46:01: [32mAplicação rodando na porta 3000[39m
2024-09-30 17:46:03: [32mConectado ao banco de dados![39m
2024-09-30 17:46:03: [32mAplicação rodando na porta 3000[39m
2024-09-30 17:46:06: [32mConectado ao banco de dados![39m
2024-09-30 17:46:06: [32mAplicação rodando na porta 3000[39m
2024-09-30 17:46:10: [32mConectado ao banco de dados![39m
2024-09-30 17:46:10: [32mAplicação rodando na porta 3000[39m
2024-09-30 17:46:25: [32mConectado ao banco de dados![39m
2024-09-30 17:46:25: [32mAplicação rodando na porta 3000[39m
2024-09-30 17:46:28: [32mConectado ao banco de dados![39m
2024-09-30 17:46:28: [32mAplicação rodando na porta 3000[39m
2024-09-30 17:46:32: [32mConectado ao banco de dados![39m
2024-09-30 17:46:32: [32mAplicação rodando na porta 3000[39m
2024-09-30 17:46:34: [32mConectado ao banco de dados![39m
2024-09-30 17:46:34: [32mAplicação rodando na porta 3000[39m
2024-09-30 17:46:38: [32mConectado ao banco de dados![39m
2024-09-30 17:46:38: [32mAplicação rodando na porta 3000[39m
2024-09-30 17:46:40: [32mConectado ao banco de dados![39m
2024-09-30 17:46:40: [32mAplicação rodando na porta 3000[39m
2024-09-30 17:46:53: [32mConectado ao banco de dados![39m
2024-09-30 17:46:53: [32mAplicação rodando na porta 3000[39m
2024-09-30 17:47:00: [32mConectado ao banco de dados![39m
2024-09-30 17:47:00: [32mAplicação rodando na porta 3000[39m
2024-09-30 17:47:10: [32mConectado ao banco de dados![39m
2024-09-30 17:47:10: [32mAplicação rodando na porta 3000[39m
2024-09-30 17:47:14: [32mConectado ao banco de dados![39m
2024-09-30 17:47:14: [32mAplicação rodando na porta 3000[39m
2024-09-30 17:47:20: [32mConectado ao banco de dados![39m
2024-09-30 17:47:20: [32mAplicação rodando na porta 3000[39m
2024-09-30 17:47:23: [32mConectado ao banco de dados![39m
2024-09-30 17:47:23: [32mAplicação rodando na porta 3000[39m
2024-09-30 17:47:24: [32mConectado ao banco de dados![39m
2024-09-30 17:47:24: [32mAplicação rodando na porta 3000[39m
2024-09-30 17:47:48: [32mConectado ao banco de dados![39m
2024-09-30 17:47:48: [32mAplicação rodando na porta 3000[39m
2024-09-30 17:48:45: [31mErro no sistema Cast to ObjectId failed for value "{ id: '66fb0cdfdc341c33c75cd87d' }" (type Object) at path "_id" for model "Movie"[39m
2024-09-30 17:49:38: [32mConectado ao banco de dados![39m
2024-09-30 17:49:38: [32mAplicação rodando na porta 3000[39m
2024-09-30 17:49:45: [35mGET /api/movie/66fb0cdfdc341c33c75cd87d - - - - ms[39m
[35m[39m
2024-09-30 17:50:49: [32mConectado ao banco de dados![39m
2024-09-30 17:50:49: [32mAplicação rodando na porta 3000[39m
2024-09-30 17:50:55: [32mConectado ao banco de dados![39m
2024-09-30 17:50:55: [32mAplicação rodando na porta 3000[39m
2024-09-30 17:51:01: [32mConectado ao banco de dados![39m
2024-09-30 17:51:01: [32mAplicação rodando na porta 3000[39m
2024-09-30 17:51:08: [32mConectado ao banco de dados![39m
2024-09-30 17:51:08: [32mAplicação rodando na porta 3000[39m
2024-09-30 17:51:12: [32mConectado ao banco de dados![39m
2024-09-30 17:51:12: [32mAplicação rodando na porta 3000[39m
2024-09-30 17:51:16: [35mGET /api/movie/66fb0cdfdc341c33c75cd87d 200 236 - 38.443 ms[39m
[35m[39m
2024-09-30 17:51:22: [31mErro no sistema Cast to ObjectId failed for value "66fb0cdfdc341c33c75cd" (type string) at path "_id" for model "Movie"[39m
2024-09-30 17:51:28: [35mGET /api/movie/66fb0cdfdc341c33c75cd - - - - ms[39m
[35m[39m
2024-09-30 17:52:25: [32mConectado ao banco de dados![39m
2024-09-30 17:52:25: [32mAplicação rodando na porta 3000[39m
2024-09-30 17:55:37: [32mConectado ao banco de dados![39m
2024-09-30 17:55:37: [32mAplicação rodando na porta 3000[39m
2024-09-30 17:55:40: [32mConectado ao banco de dados![39m
2024-09-30 17:55:40: [32mAplicação rodando na porta 3000[39m
2024-09-30 17:55:42: [31mErro no sistema: Cast to ObjectId failed for value "66fb0cdfdc341c33c7" (type string) at path "_id" for model "Movie"[39m
2024-09-30 17:55:42: [35mGET /api/movie/66fb0cdfdc341c33c7 500 37 - 9.670 ms[39m
[35m[39m
2024-09-30 17:56:37: [32mConectado ao banco de dados![39m
2024-09-30 17:56:37: [32mAplicação rodando na porta 3000[39m
2024-09-30 17:56:41: [32mConectado ao banco de dados![39m
2024-09-30 17:56:41: [32mAplicação rodando na porta 3000[39m
2024-09-30 17:56:44: [32mConectado ao banco de dados![39m
2024-09-30 17:56:44: [32mAplicação rodando na porta 3000[39m
2024-09-30 17:56:45: [31mErro no sistema: Cast to ObjectId failed for value "66fb0cdfdc341c33c7" (type string) at path "_id" for model "Movie"[39m
2024-09-30 17:56:45: [35mGET /api/movie/66fb0cdfdc341c33c7 500 32 - 16.031 ms[39m
[35m[39m
2024-09-30 17:56:57: [35mPOST /api/movie 422 100 - 6.784 ms[39m
[35m[39m
2024-09-30 17:57:31: [32mConectado ao banco de dados![39m
2024-09-30 17:57:31: [32mAplicação rodando na porta 3000[39m
2024-09-30 17:57:38: [32mConectado ao banco de dados![39m
2024-09-30 17:57:38: [32mAplicação rodando na porta 3000[39m
2024-09-30 17:57:41: [32mConectado ao banco de dados![39m
2024-09-30 17:57:41: [32mAplicação rodando na porta 3000[39m
2024-09-30 17:57:47: [32mConectado ao banco de dados![39m
2024-09-30 17:57:47: [32mAplicação rodando na porta 3000[39m
2024-09-30 17:57:55: [32mConectado ao banco de dados![39m
2024-09-30 17:57:55: [32mAplicação rodando na porta 3000[39m
2024-09-30 17:58:06: [32mConectado ao banco de dados![39m
2024-09-30 17:58:06: [32mAplicação rodando na porta 3000[39m
2024-09-30 17:58:12: [32mConectado ao banco de dados![39m
2024-09-30 17:58:12: [32mAplicação rodando na porta 3000[39m
2024-09-30 17:58:18: [32mConectado ao banco de dados![39m
2024-09-30 17:58:18: [32mAplicação rodando na porta 3000[39m
2024-09-30 17:58:22: [32mConectado ao banco de dados![39m
2024-09-30 17:58:22: [32mAplicação rodando na porta 3000[39m
2024-09-30 17:58:33: [32mConectado ao banco de dados![39m
2024-09-30 17:58:33: [32mAplicação rodando na porta 3000[39m
2024-09-30 17:58:35: [32mConectado ao banco de dados![39m
2024-09-30 17:58:35: [32mAplicação rodando na porta 3000[39m
2024-09-30 17:58:45: [32mConectado ao banco de dados![39m
2024-09-30 17:58:45: [32mAplicação rodando na porta 3000[39m
2024-09-30 17:58:54: [32mConectado ao banco de dados![39m
2024-09-30 17:58:54: [32mAplicação rodando na porta 3000[39m
2024-09-30 17:59:17: [32mConectado ao banco de dados![39m
2024-09-30 17:59:17: [32mAplicação rodando na porta 3000[39m
2024-09-30 17:59:31: [32mConectado ao banco de dados![39m
2024-09-30 17:59:31: [32mAplicação rodando na porta 3000[39m
2024-09-30 17:59:36: [32mConectado ao banco de dados![39m
2024-09-30 17:59:36: [32mAplicação rodando na porta 3000[39m
2024-09-30 17:59:42: [32mConectado ao banco de dados![39m
2024-09-30 17:59:42: [32mAplicação rodando na porta 3000[39m
2024-09-30 17:59:52: [32mConectado ao banco de dados![39m
2024-09-30 17:59:52: [32mAplicação rodando na porta 3000[39m
2024-09-30 17:59:56: [32mConectado ao banco de dados![39m
2024-09-30 17:59:56: [32mAplicação rodando na porta 3000[39m
2024-09-30 18:00:59: [32mConectado ao banco de dados![39m
2024-09-30 18:00:59: [32mAplicação rodando na porta 3000[39m
2024-09-30 18:01:01: [32mConectado ao banco de dados![39m
2024-09-30 18:01:01: [32mAplicação rodando na porta 3000[39m
2024-09-30 18:01:01: [35mGET /api/movie 200 875 - 38.189 ms[39m
[35m[39m
2024-09-30 18:03:12: [32mConectado ao banco de dados![39m
2024-09-30 18:03:12: [32mAplicação rodando na porta 3000[39m
2024-09-30 18:03:20: [32mConectado ao banco de dados![39m
2024-09-30 18:03:20: [32mAplicação rodando na porta 3000[39m
2024-09-30 18:03:23: [32mConectado ao banco de dados![39m
2024-09-30 18:03:23: [32mAplicação rodando na porta 3000[39m
2024-09-30 18:03:31: [32mConectado ao banco de dados![39m
2024-09-30 18:03:31: [32mAplicação rodando na porta 3000[39m
2024-09-30 18:04:01: [32mConectado ao banco de dados![39m
2024-09-30 18:04:01: [32mAplicação rodando na porta 3000[39m
2024-09-30 18:04:13: [32mConectado ao banco de dados![39m
2024-09-30 18:04:13: [32mAplicação rodando na porta 3000[39m
2024-09-30 18:04:41: [32mConectado ao banco de dados![39m
2024-09-30 18:04:41: [32mAplicação rodando na porta 3000[39m
2024-09-30 18:04:44: [32mConectado ao banco de dados![39m
2024-09-30 18:04:44: [32mAplicação rodando na porta 3000[39m
2024-09-30 18:04:48: [32mConectado ao banco de dados![39m
2024-09-30 18:04:48: [32mAplicação rodando na porta 3000[39m
2024-09-30 18:05:03: [32mConectado ao banco de dados![39m
2024-09-30 18:05:03: [32mAplicação rodando na porta 3000[39m
2024-09-30 18:05:06: [32mConectado ao banco de dados![39m
2024-09-30 18:05:06: [32mAplicação rodando na porta 3000[39m
2024-09-30 18:05:09: [32mConectado ao banco de dados![39m
2024-09-30 18:05:09: [32mAplicação rodando na porta 3000[39m
2024-09-30 18:05:18: [32mConectado ao banco de dados![39m
2024-09-30 18:05:18: [32mAplicação rodando na porta 3000[39m
2024-09-30 18:05:38: [32mConectado ao banco de dados![39m
2024-09-30 18:05:38: [32mAplicação rodando na porta 3000[39m
2024-09-30 18:05:45: [32mConectado ao banco de dados![39m
2024-09-30 18:05:45: [32mAplicação rodando na porta 3000[39m
2024-09-30 18:05:47: [32mConectado ao banco de dados![39m
2024-09-30 18:05:47: [32mAplicação rodando na porta 3000[39m
2024-09-30 18:05:51: [32mConectado ao banco de dados![39m
2024-09-30 18:05:51: [32mAplicação rodando na porta 3000[39m
2024-09-30 18:06:02: [32mConectado ao banco de dados![39m
2024-09-30 18:06:02: [32mAplicação rodando na porta 3000[39m
2024-09-30 18:07:02: [31mErro no sistema: Cast to ObjectId failed for value "66fb0cdfdc341c33c75cd8" (type string) at path "_id" for model "Movie"[39m
2024-09-30 18:07:02: [35mDELETE /api/movie/66fb0cdfdc341c33c75cd8 500 32 - 20.097 ms[39m
[35m[39m
2024-09-30 18:07:15: [35mDELETE /api/movie/66fb0cdfdc341c33c75cd87d - - - - ms[39m
[35m[39m
2024-09-30 18:07:29: [32mConectado ao banco de dados![39m
2024-09-30 18:07:29: [32mAplicação rodando na porta 3000[39m
2024-09-30 18:07:34: [32mConectado ao banco de dados![39m
2024-09-30 18:07:34: [32mAplicação rodando na porta 3000[39m
2024-09-30 18:07:37: [32mConectado ao banco de dados![39m
2024-09-30 18:07:37: [32mAplicação rodando na porta 3000[39m
2024-09-30 18:07:40: [32mConectado ao banco de dados![39m
2024-09-30 18:07:40: [32mAplicação rodando na porta 3000[39m
2024-09-30 18:07:50: [32mConectado ao banco de dados![39m
2024-09-30 18:07:50: [32mAplicação rodando na porta 3000[39m
2024-09-30 18:07:50: [35mDELETE /api/movie/66fb0cdfdc341c33c75cd87d 200 37 - 79.862 ms[39m
[35m[39m
2024-09-30 18:08:17: [32mConectado ao banco de dados![39m
2024-09-30 18:08:17: [32mAplicação rodando na porta 3000[39m
2024-09-30 18:08:21: [32mConectado ao banco de dados![39m
2024-09-30 18:08:21: [32mAplicação rodando na porta 3000[39m
2024-09-30 18:08:28: [32mConectado ao banco de dados![39m
2024-09-30 18:08:28: [32mAplicação rodando na porta 3000[39m
2024-09-30 18:08:38: [32mConectado ao banco de dados![39m
2024-09-30 18:08:38: [32mAplicação rodando na porta 3000[39m
2024-09-30 18:08:40: [32mConectado ao banco de dados![39m
2024-09-30 18:08:40: [32mAplicação rodando na porta 3000[39m
2024-09-30 18:08:51: [32mConectado ao banco de dados![39m
2024-09-30 18:08:51: [32mAplicação rodando na porta 3000[39m
2024-09-30 18:08:57: [32mConectado ao banco de dados![39m
2024-09-30 18:08:57: [32mAplicação rodando na porta 3000[39m
2024-09-30 18:09:09: [32mConectado ao banco de dados![39m
2024-09-30 18:09:09: [32mAplicação rodando na porta 3000[39m
2024-09-30 18:09:18: [32mConectado ao banco de dados![39m
2024-09-30 18:09:18: [32mAplicação rodando na porta 3000[39m
2024-09-30 18:09:20: [32mConectado ao banco de dados![39m
2024-09-30 18:09:20: [32mAplicação rodando na porta 3000[39m
2024-09-30 18:09:28: [32mConectado ao banco de dados![39m
2024-09-30 18:09:28: [32mAplicação rodando na porta 3000[39m
2024-09-30 18:10:20: [32mConectado ao banco de dados![39m
2024-09-30 18:10:20: [32mAplicação rodando na porta 3000[39m
2024-09-30 18:10:28: [32mConectado ao banco de dados![39m
2024-09-30 18:10:28: [32mAplicação rodando na porta 3000[39m
2024-09-30 18:10:30: [32mConectado ao banco de dados![39m
2024-09-30 18:10:30: [32mAplicação rodando na porta 3000[39m
2024-09-30 18:10:34: [32mConectado ao banco de dados![39m
2024-09-30 18:10:34: [32mAplicação rodando na porta 3000[39m
2024-09-30 18:11:49: [31mErro no sistema: Cast to ObjectId failed for value "=" (type string) at path "_id" for model "Movie"[39m
2024-09-30 18:11:49: [35mGET /api/movie/= 500 32 - 23.378 ms[39m
[35m[39m
2024-09-30 18:12:13: [32mConectado ao banco de dados![39m
2024-09-30 18:12:13: [32mAplicação rodando na porta 3000[39m
2024-09-30 18:12:17: [32mConectado ao banco de dados![39m
2024-09-30 18:12:17: [32mAplicação rodando na porta 3000[39m
2024-09-30 18:12:21: [32mConectado ao banco de dados![39m
2024-09-30 18:12:21: [32mAplicação rodando na porta 3000[39m
2024-09-30 18:12:37: [32mConectado ao banco de dados![39m
2024-09-30 18:12:37: [32mAplicação rodando na porta 3000[39m
2024-09-30 18:12:39: [32mConectado ao banco de dados![39m
2024-09-30 18:12:40: [32mAplicação rodando na porta 3000[39m
2024-09-30 18:12:48: [32mConectado ao banco de dados![39m
2024-09-30 18:12:48: [32mAplicação rodando na porta 3000[39m
2024-09-30 18:12:55: [32mConectado ao banco de dados![39m
2024-09-30 18:12:55: [32mAplicação rodando na porta 3000[39m
2024-09-30 18:13:19: [32mConectado ao banco de dados![39m
2024-09-30 18:13:19: [32mAplicação rodando na porta 3000[39m
2024-09-30 18:13:25: [32mConectado ao banco de dados![39m
2024-09-30 18:13:25: [32mAplicação rodando na porta 3000[39m
2024-09-30 18:13:43: [32mConectado ao banco de dados![39m
2024-09-30 18:13:43: [32mAplicação rodando na porta 3000[39m
2024-09-30 18:13:50: [32mConectado ao banco de dados![39m
2024-09-30 18:13:50: [32mAplicação rodando na porta 3000[39m
2024-09-30 18:16:15: [35mPATCH /api/movie/66fb0cdfdc341c33c75cd87d 200 11 - 90.315 ms[39m
[35m[39m
2024-09-30 18:16:26: [35mPATCH /api/movie/66fb0cdfdc341c33c75cd87d 200 11 - 47.553 ms[39m
[35m[39m
2024-09-30 18:16:31: [35mPATCH /api/movie/66fb0cdfdc341c33c75cd87d 200 11 - 51.316 ms[39m
[35m[39m
2024-09-30 18:16:43: [35mGET /api/movie 200 638 - 38.092 ms[39m
[35m[39m
2024-09-30 18:17:13: [32mConectado ao banco de dados![39m
2024-09-30 18:17:13: [32mAplicação rodando na porta 3000[39m
2024-09-30 18:17:41: [35mPATCH /api/movie/66fb0cdfdc341c33c75cd87d 200 152 - 80.929 ms[39m
[35m[39m
2024-09-30 18:18:13: [32mConectado ao banco de dados![39m
2024-09-30 18:18:13: [32mAplicação rodando na porta 3000[39m
